{
  "stats": {
    "suites": 1,
    "tests": 1,
    "passes": 1,
    "pending": 0,
    "failures": 0,
    "start": "2023-11-03T11:22:51.787Z",
    "end": "2023-11-03T11:23:01.011Z",
    "duration": 9224,
    "testsRegistered": 1,
    "passPercent": 100,
    "pendingPercent": 0,
    "other": 0,
    "hasOther": false,
    "skipped": 0,
    "hasSkipped": false
  },
  "results": [
    {
      "uuid": "88e908a8-1b1a-466c-8c35-28ce49dcbd1f",
      "title": "",
      "fullFile": "cypress\\e2e\\RSM\\Login.cy.js",
      "file": "cypress\\e2e\\RSM\\Login.cy.js",
      "beforeHooks": [],
      "afterHooks": [],
      "tests": [],
      "suites": [
        {
          "uuid": "f63dbacd-3d95-4c20-aa5e-b8759b9b3c3e",
          "title": "Login Test",
          "fullFile": "",
          "file": "",
          "beforeHooks": [],
          "afterHooks": [],
          "tests": [
            {
              "title": "Login",
              "fullTitle": "Login Test Login",
              "timedOut": null,
              "duration": 6879,
              "state": "passed",
              "speed": "medium",
              "pass": true,
              "fail": false,
              "pending": false,
              "context": null,
              "code": "// test step for URL launching\ncy.visit(\"https://retailsappqa.azurewebsites.net/auth/login\");\ncy.get(':nth-child(2) > .form-control').type('rohith');\ncy.get(':nth-child(3) > .form-control').type('anos@123');\ncy.get('#kt_login_signin_form > :nth-child(4)').type('{enter}');\ncy.wait(2000);\ncy.scrollTo('bottom'); // Scroll 'sidebar' to its bottom",
              "err": {},
              "uuid": "164e21ce-1cc0-4f4d-be74-43d10aca3018",
              "parentUUID": "f63dbacd-3d95-4c20-aa5e-b8759b9b3c3e",
              "isHook": false,
              "skipped": false
            }
          ],
          "suites": [],
          "passes": [
            "164e21ce-1cc0-4f4d-be74-43d10aca3018"
          ],
          "failures": [],
          "pending": [],
          "skipped": [],
          "duration": 6879,
          "root": false,
          "rootEmpty": false,
          "_timeout": 2000
        }
      ],
      "passes": [],
      "failures": [],
      "pending": [],
      "skipped": [],
      "duration": 0,
      "root": true,
      "rootEmpty": true,
      "_timeout": 2000
    }
  ],
  "meta": {
    "mocha": {
      "version": "7.0.1"
    },
    "mochawesome": {
      "options": {
        "quiet": false,
        "reportFilename": "mochawesome",
        "saveHtml": false,
        "saveJson": true,
        "consoleReporter": "spec",
        "useInlineDiffs": false,
        "code": true
      },
      "version": "7.1.3"
    },
    "marge": {
      "options": {
        "overwrite": false,
        "html": false,
        "json": true,
        "reportDir": "cypress\\reports\\html\\.jsons"
      },
      "version": "6.2.0"
    }
  }
}