{
  "stats": {
    "suites": 1,
    "tests": 1,
    "passes": 1,
    "pending": 0,
    "failures": 0,
    "start": "2023-11-03T11:25:43.267Z",
    "end": "2023-11-03T11:26:03.134Z",
    "duration": 19867,
    "testsRegistered": 1,
    "passPercent": 100,
    "pendingPercent": 0,
    "other": 0,
    "hasOther": false,
    "skipped": 0,
    "hasSkipped": false
  },
  "results": [
    {
      "uuid": "6b2ab3e5-cfa6-4acc-af5d-ca99d6ab0580",
      "title": "",
      "fullFile": "cypress\\e2e\\RSM\\visitMaster.cy.js",
      "file": "cypress\\e2e\\RSM\\visitMaster.cy.js",
      "beforeHooks": [],
      "afterHooks": [],
      "tests": [],
      "suites": [
        {
          "uuid": "9c3e72f5-23fa-4594-bf2a-30be48bb8d38",
          "title": "Login Test",
          "fullFile": "",
          "file": "",
          "beforeHooks": [],
          "afterHooks": [],
          "tests": [
            {
              "title": "the ",
              "fullTitle": "Login Test the ",
              "timedOut": null,
              "duration": 16610,
              "state": "passed",
              "speed": "slow",
              "pass": true,
              "fail": false,
              "pending": false,
              "context": null,
              "code": "cy.visit(\"https://retailsappqa.azurewebsites.net\");\ncy.viewport('macbook-13');\ncy.visit(\"https://retailsappqa.azurewebsites.net\");\ncy.get(':nth-child(2) > .form-control').type('rohith');\ncy.get(':nth-child(3) > .form-control').type('anos@123');\ncy.get('#kt_login_signin_form > :nth-child(4)').type('{enter}');\ncy.request('https://retailsappqa.azurewebsites.net/manage-master');\ncy.getCookie('showWizard');\ncy.contains('Master').click();\ncy.contains('Products').click();\ncy.contains('Prices').click();\ncy.contains('Inventory').click();\ncy.wait(2000);\ncy.contains('History').click();\ncy.wait(2000);\n// to scroll down \ncy.scrollTo(0, 100); // Scroll the window 500px down\ncy.wait(1000);\ncy.contains('More').click();\ncy.contains('Manage Approval').click();\ncy.wait(2000);\ncy.get('.symbol-label').click();\ncy.contains('Sign Out').click();",
              "err": {},
              "uuid": "3bbd5c00-428d-404f-8e3f-aacaff4422a8",
              "parentUUID": "9c3e72f5-23fa-4594-bf2a-30be48bb8d38",
              "isHook": false,
              "skipped": false
            }
          ],
          "suites": [],
          "passes": [
            "3bbd5c00-428d-404f-8e3f-aacaff4422a8"
          ],
          "failures": [],
          "pending": [],
          "skipped": [],
          "duration": 16610,
          "root": false,
          "rootEmpty": false,
          "_timeout": 2000
        }
      ],
      "passes": [],
      "failures": [],
      "pending": [],
      "skipped": [],
      "duration": 0,
      "root": true,
      "rootEmpty": true,
      "_timeout": 2000
    }
  ],
  "meta": {
    "mocha": {
      "version": "7.0.1"
    },
    "mochawesome": {
      "options": {
        "quiet": false,
        "reportFilename": "mochawesome",
        "saveHtml": false,
        "saveJson": true,
        "consoleReporter": "spec",
        "useInlineDiffs": false,
        "code": true
      },
      "version": "7.1.3"
    },
    "marge": {
      "options": {
        "overwrite": false,
        "html": false,
        "json": true,
        "reportDir": "cypress\\reports\\html\\.jsons"
      },
      "version": "6.2.0"
    }
  }
}