{
  "stats": {
    "suites": 1,
    "tests": 1,
    "passes": 1,
    "pending": 0,
    "failures": 0,
    "start": "2023-11-03T11:25:06.886Z",
    "end": "2023-11-03T11:25:19.150Z",
    "duration": 12264,
    "testsRegistered": 1,
    "passPercent": 100,
    "pendingPercent": 0,
    "other": 0,
    "hasOther": false,
    "skipped": 0,
    "hasSkipped": false
  },
  "results": [
    {
      "uuid": "29a48f7a-a189-4ff8-b1d2-d74a64c10136",
      "title": "",
      "fullFile": "cypress\\e2e\\RSM\\SignIn&Out.cy.js",
      "file": "cypress\\e2e\\RSM\\SignIn&Out.cy.js",
      "beforeHooks": [],
      "afterHooks": [],
      "tests": [],
      "suites": [
        {
          "uuid": "15cdb967-ed7a-4ad8-978a-2e9b4f22d061",
          "title": "Login Test",
          "fullFile": "",
          "file": "",
          "beforeHooks": [],
          "afterHooks": [],
          "tests": [
            {
              "title": "the ",
              "fullTitle": "Login Test the ",
              "timedOut": null,
              "duration": 9825,
              "state": "passed",
              "speed": "medium",
              "pass": true,
              "fail": false,
              "pending": false,
              "context": null,
              "code": "cy.viewport('macbook-13');\ncy.visit(\"https://retailsappqa.azurewebsites.net\");\ncy.visit(\"https://retailsappqa.azurewebsites.net/auth/login\");\ncy.get(':nth-child(2) > .form-control').type('rohith');\ncy.get(':nth-child(3) > .form-control').type('anos@123');\ncy.get('#kt_login_signin_form > :nth-child(4)').type('{enter}');\ncy.contains('Master').click();\ncy.contains('Rohith').click();\ncy.get('#kt_header_user_menu_toggle');\ncy.wait(2500);\ncy.get('.symbol-label').click();\ncy.wait(2500);\ncy.get('.fs-6 > :nth-child(7) > .menu-link').click();",
              "err": {},
              "uuid": "ee6a872e-6598-431e-a7fc-d31f34e3611c",
              "parentUUID": "15cdb967-ed7a-4ad8-978a-2e9b4f22d061",
              "isHook": false,
              "skipped": false
            }
          ],
          "suites": [],
          "passes": [
            "ee6a872e-6598-431e-a7fc-d31f34e3611c"
          ],
          "failures": [],
          "pending": [],
          "skipped": [],
          "duration": 9825,
          "root": false,
          "rootEmpty": false,
          "_timeout": 2000
        }
      ],
      "passes": [],
      "failures": [],
      "pending": [],
      "skipped": [],
      "duration": 0,
      "root": true,
      "rootEmpty": true,
      "_timeout": 2000
    }
  ],
  "meta": {
    "mocha": {
      "version": "7.0.1"
    },
    "mochawesome": {
      "options": {
        "quiet": false,
        "reportFilename": "mochawesome",
        "saveHtml": false,
        "saveJson": true,
        "consoleReporter": "spec",
        "useInlineDiffs": false,
        "code": true
      },
      "version": "7.1.3"
    },
    "marge": {
      "options": {
        "overwrite": false,
        "html": false,
        "json": true,
        "reportDir": "cypress\\reports\\html\\.jsons"
      },
      "version": "6.2.0"
    }
  }
}