{
  "stats": {
    "suites": 1,
    "tests": 1,
    "passes": 0,
    "pending": 0,
    "failures": 1,
    "start": "2023-11-03T11:21:20.676Z",
    "end": "2023-11-03T11:21:21.538Z",
    "duration": 862,
    "testsRegistered": 1,
    "passPercent": 0,
    "pendingPercent": 0,
    "other": 0,
    "hasOther": false,
    "skipped": 0,
    "hasSkipped": false
  },
  "results": [
    {
      "uuid": "b7ffc328-70e3-4b2f-997e-8ad049ecccb1",
      "title": "",
      "fullFile": "cypress\\e2e\\RSM\\H.cy.js",
      "file": "cypress\\e2e\\RSM\\H.cy.js",
      "beforeHooks": [],
      "afterHooks": [],
      "tests": [],
      "suites": [
        {
          "uuid": "ac47999a-406c-417f-b740-c0c8b5653336",
          "title": "Login Test",
          "fullFile": "",
          "file": "",
          "beforeHooks": [],
          "afterHooks": [],
          "tests": [
            {
              "title": "Login",
              "fullTitle": "Login Test Login",
              "timedOut": null,
              "duration": 805,
              "state": "failed",
              "speed": null,
              "pass": false,
              "fail": true,
              "pending": false,
              "context": "{\n  \"title\": \"cypress-mochawesome-reporter-screenshots\",\n  \"value\": [\n    [\n      \"\\\\RSM\\\\H.cy.js\\\\Login Test -- Login (failed).png\"\n    ]\n  ]\n}",
              "code": "// test step for URL launching\ncy.visit(\"https://retailsappqa.azurewebsites.net/auth/login\");\ncy.get(':nth-child(2) > .form-control').type('rohith');\ncy.get(':nth-child(3) > .form-control').type('anos@123');\ncy.get('#kt_login_signin_form > :nth-child(4)').type('{enter}');\ncy.wait(2000);\ncy.contains(\"Master\").click();\ncy.wait(2000);\ncy.scrollTo('bottom'); // Scroll 'sidebar' to its bottom\ncy.scrollTo('top'); // Scroll 'sidebar' to its top\ncy.wait(2000);\ncy.contains('More').trigger('mouseover').should('be.visible');\ncy.contains('Staff').trigger('mouseover').should('be.visible'[\"background-color\" - \"rgb(242, 242, 242)\"]);\ncy.contains('Customers').trigger('mouseover').color('black').should('be.visible');\ncy.contains('OutStandings').trigger('mouseover').should('be.visible');\ncy.contains('Transactions').trigger('mouseover').should('be.visible');\ncy.contains('Delivery').trigger('mouseover').should('be.visible');\ncy.contains('General Transactions').trigger('mouseover').should('be.visible');\ncy.contains('Old Jewellery').trigger('mouseover').should('be.visible');\ncy.contains('Sales').trigger('mouseover').should('be.visible');\ncy.contains('StockTally').trigger('mouseover').should('be.visible');\ncy.contains('Daily Accounts').trigger('mouseover').should('be.visible');\ncy.contains('Manage Approval').trigger('mouseover').should('be.visible');\n// cy.get('').trigger('mouseover').should('be.visible')",
              "err": {
                "message": "TypeError: cy.contains(...).trigger(...).color is not a function",
                "estack": "TypeError: cy.contains(...).trigger(...).color is not a function\n    at Context.eval (webpack:///./cypress/e2e/RSM/H.cy.js:23:54)",
                "diff": null
              },
              "uuid": "36a49110-1eac-41ff-9998-a42768fcd79e",
              "parentUUID": "ac47999a-406c-417f-b740-c0c8b5653336",
              "isHook": false,
              "skipped": false
            }
          ],
          "suites": [],
          "passes": [],
          "failures": [
            "36a49110-1eac-41ff-9998-a42768fcd79e"
          ],
          "pending": [],
          "skipped": [],
          "duration": 805,
          "root": false,
          "rootEmpty": false,
          "_timeout": 2000
        }
      ],
      "passes": [],
      "failures": [],
      "pending": [],
      "skipped": [],
      "duration": 0,
      "root": true,
      "rootEmpty": true,
      "_timeout": 2000
    }
  ],
  "meta": {
    "mocha": {
      "version": "7.0.1"
    },
    "mochawesome": {
      "options": {
        "quiet": false,
        "reportFilename": "mochawesome",
        "saveHtml": false,
        "saveJson": true,
        "consoleReporter": "spec",
        "useInlineDiffs": false,
        "code": true
      },
      "version": "7.1.3"
    },
    "marge": {
      "options": {
        "overwrite": false,
        "html": false,
        "json": true,
        "reportDir": "cypress\\reports\\html\\.jsons"
      },
      "version": "6.2.0"
    }
  }
}