{
  "stats": {
    "suites": 1,
    "tests": 1,
    "passes": 0,
    "pending": 0,
    "failures": 1,
    "start": "2023-11-03T11:21:27.876Z",
    "end": "2023-11-03T11:21:45.891Z",
    "duration": 18015,
    "testsRegistered": 1,
    "passPercent": 0,
    "pendingPercent": 0,
    "other": 0,
    "hasOther": false,
    "skipped": 0,
    "hasSkipped": false
  },
  "results": [
    {
      "uuid": "d64f0b96-a966-4dd2-8184-b3b1e1b101a1",
      "title": "",
      "fullFile": "cypress\\e2e\\RSM\\Histbarcodeedit.cy.js",
      "file": "cypress\\e2e\\RSM\\Histbarcodeedit.cy.js",
      "beforeHooks": [],
      "afterHooks": [],
      "tests": [],
      "suites": [
        {
          "uuid": "04abf553-2219-4d17-9cc2-9e4fa39da4ae",
          "title": "Login Test",
          "fullFile": "",
          "file": "",
          "beforeHooks": [],
          "afterHooks": [],
          "tests": [
            {
              "title": "Login Page",
              "fullTitle": "Login Test Login Page",
              "timedOut": null,
              "duration": 16070,
              "state": "failed",
              "speed": null,
              "pass": false,
              "fail": true,
              "pending": false,
              "context": "{\n  \"title\": \"cypress-mochawesome-reporter-screenshots\",\n  \"value\": [\n    [\n      \"\\\\RSM\\\\Histbarcodeedit.cy.js\\\\Login Test -- Login Page (failed).png\"\n    ]\n  ]\n}",
              "code": "// test step for URL launching\ncy.viewport('macbook-15');\ncy.visit(\"https://retailsappqa.azurewebsites.net\");\ncy.get(':nth-child(2) > .form-control').type('rohith');\ncy.get(':nth-child(3) > .form-control').type('anos@123');\ncy.get('#kt_login_signin_form > :nth-child(4)').type('{enter}');\ncy.contains('Master').click();\ncy.contains('Products').click();\ncy.wait(10);\n//  Navigate on to Inventory\ncy.contains('Inventory').click();\ncy.wait(50);\ncy.contains('Stock Summary').click();\n// cy.wait(60)\ncy.contains('History').click();\n// navigates to generate MRP\ncy.get('.btn-group > :nth-child(2)').click();\n// to edit barcode with number \ncy.get('.barcode number').find('25').should('have.length', 5).and('have.class', 'dropdown');\ncy.get('.col-md-6 > .chosen-select > .ng-select-container').click().clear().type('Gold{enter}');\ncy.get(':nth-child(2) > .col-sm-6 > .chosen-select > .ng-select-container').click().type('pure{enter}');\n// inside block\ncy.get(':nth-child(2) > .col-sm-6 > .chosen-select > .ng-select-container').click().type('Gold{enter}');\ncy.get('silver').click().type('Gold{enter}');",
              "err": {
                "message": "AssertionError: Timed out retrying after 4000ms: Expected to find element: `.barcode number`, but never found it.",
                "estack": "AssertionError: Timed out retrying after 4000ms: Expected to find element: `.barcode number`, but never found it.\n    at Context.eval (webpack:///./cypress/e2e/RSM/Histbarcodeedit.cy.js:29:3)",
                "diff": null
              },
              "uuid": "70a12e88-3628-468a-b04a-edf8e41a5fb7",
              "parentUUID": "04abf553-2219-4d17-9cc2-9e4fa39da4ae",
              "isHook": false,
              "skipped": false
            }
          ],
          "suites": [],
          "passes": [],
          "failures": [
            "70a12e88-3628-468a-b04a-edf8e41a5fb7"
          ],
          "pending": [],
          "skipped": [],
          "duration": 16070,
          "root": false,
          "rootEmpty": false,
          "_timeout": 2000
        }
      ],
      "passes": [],
      "failures": [],
      "pending": [],
      "skipped": [],
      "duration": 0,
      "root": true,
      "rootEmpty": true,
      "_timeout": 2000
    }
  ],
  "meta": {
    "mocha": {
      "version": "7.0.1"
    },
    "mochawesome": {
      "options": {
        "quiet": false,
        "reportFilename": "mochawesome",
        "saveHtml": false,
        "saveJson": true,
        "consoleReporter": "spec",
        "useInlineDiffs": false,
        "code": true
      },
      "version": "7.1.3"
    },
    "marge": {
      "options": {
        "overwrite": false,
        "html": false,
        "json": true,
        "reportDir": "cypress\\reports\\html\\.jsons"
      },
      "version": "6.2.0"
    }
  }
}