{
  "stats": {
    "suites": 1,
    "tests": 1,
    "passes": 0,
    "pending": 0,
    "failures": 1,
    "start": "2023-11-03T11:24:12.044Z",
    "end": "2023-11-03T11:24:27.116Z",
    "duration": 15072,
    "testsRegistered": 1,
    "passPercent": 0,
    "pendingPercent": 0,
    "other": 0,
    "hasOther": false,
    "skipped": 0,
    "hasSkipped": false
  },
  "results": [
    {
      "uuid": "7de09d30-a108-4b90-a189-a7bb50df3a30",
      "title": "",
      "fullFile": "cypress\\e2e\\RSM\\MngApprvl.cy.js",
      "file": "cypress\\e2e\\RSM\\MngApprvl.cy.js",
      "beforeHooks": [],
      "afterHooks": [],
      "tests": [],
      "suites": [
        {
          "uuid": "276a88d5-bc7c-4c0f-9353-42b92eea40e6",
          "title": "Approval Module",
          "fullFile": "",
          "file": "",
          "beforeHooks": [],
          "afterHooks": [],
          "tests": [
            {
              "title": "Manage Approval Page ",
              "fullTitle": "Approval Module Manage Approval Page ",
              "timedOut": null,
              "duration": 13143,
              "state": "failed",
              "speed": null,
              "pass": false,
              "fail": true,
              "pending": false,
              "context": "{\n  \"title\": \"cypress-mochawesome-reporter-screenshots\",\n  \"value\": [\n    [\n      \"\\\\RSM\\\\MngApprvl.cy.js\\\\Approval Module -- Manage Approval Page (failed).png\"\n    ]\n  ]\n}",
              "code": "cy.visit(\"https://retailsappqa.azurewebsites.net\");\ncy.viewport('macbook-13');\ncy.visit(\"https://retailsappqa.azurewebsites.net\");\ncy.get(':nth-child(2) >.form-control').type('rohith');\ncy.get(':nth-child(3) >.form-control').type('anos@123');\ncy.get('#kt_login_signin_form > :nth-child(4)').type('{enter}');\ncy.contains(\"Master\").click();\ncy.wait(1000);\ncy.scrollTo('bottom');\ncy.contains(\"Dashboard\").click();\ncy.wait(1000);\ncy.contains(\"Prices\").click();\ncy.wait(1000);\ncy.contains(\"Inventory\").click();\ncy.contains(\"Estimation\").click();\n// Select the element you want to hover over\n//   cy.get('span.menu-link')\ncy.get('span.menu-link > #font-styles').invoke('show');\ncy.wait(1000);\ncy.contains('Staff').invoke('show');\n// .trigger('mouseover')\n// .should('have.css', 'background-color', 'rgb(255, 77, 0)'); // Replace with your assertions\n// cy.get('span.menu-link')\n// cy.contains(\"More\").click()\n// more\n// cy.contains('More').trigger('mouseover')\ncy.wait(1000);\ncy.contains('Staff').trigger('mouseover').should('be.visible');\ncy.wait(1000);\ncy.contains('Customers').trigger('mouseover').should('be.visible');\ncy.wait(1000);\ncy.contains('Transactions').trigger('mouseover').should('be.visible');\ncy.wait(1000);\ncy.contains('Daily Accounts').trigger('mouseover').should('be.visible');\ncy.wait(1000);\ncy.contains(\"Manage Approval\").click();\ncy.wait(1000);\ncy.scrollTo('bottomRight').trigger('mouseover');",
              "err": {
                "message": "CypressError: Timed out retrying after 4000ms: `cy.trigger()` failed because this element is not visible:\n\n`<a _ngcontent-ppd-c149=\"\" routerlinkactive=\"active\" routerlink=\"/users\" class=\"menu-link\" href=\"/users\">...</a>`\n\nThis element `<a.menu-link>` is not visible because its parent `<div.menu-sub.menu-sub-lg-down-accordion.menu-sub-lg-dropdown.p-0.w-100.w-lg-400px>` has CSS property: `display: none`\n\nFix this problem, or use `{force: true}` to disable error checking.\n\nhttps://on.cypress.io/element-cannot-be-interacted-with",
                "estack": "CypressError: Timed out retrying after 4000ms: `cy.trigger()` failed because this element is not visible:\n\n`<a _ngcontent-ppd-c149=\"\" routerlinkactive=\"active\" routerlink=\"/users\" class=\"menu-link\" href=\"/users\">...</a>`\n\nThis element `<a.menu-link>` is not visible because its parent `<div.menu-sub.menu-sub-lg-down-accordion.menu-sub-lg-dropdown.p-0.w-100.w-lg-400px>` has CSS property: `display: none`\n\nFix this problem, or use `{force: true}` to disable error checking.\n\nhttps://on.cypress.io/element-cannot-be-interacted-with\n    at runVisibilityCheck (https://retailsappqa.azurewebsites.net/__cypress/runner/cypress_runner.js:145313:58)\n    at Object.isStrictlyVisible (https://retailsappqa.azurewebsites.net/__cypress/runner/cypress_runner.js:145327:10)\n    at runAllChecks (https://retailsappqa.azurewebsites.net/__cypress/runner/cypress_runner.js:112244:26)\n    at retryActionability (https://retailsappqa.azurewebsites.net/__cypress/runner/cypress_runner.js:112312:16)\n    at tryCatcher (https://retailsappqa.azurewebsites.net/__cypress/runner/cypress_runner.js:1807:23)\n    at Promise.attempt.Promise.try (https://retailsappqa.azurewebsites.net/__cypress/runner/cypress_runner.js:4315:29)\n    at whenStable (https://retailsappqa.azurewebsites.net/__cypress/runner/cypress_runner.js:144135:68)\n    at <unknown> (https://retailsappqa.azurewebsites.net/__cypress/runner/cypress_runner.js:144076:14)\n    at tryCatcher (https://retailsappqa.azurewebsites.net/__cypress/runner/cypress_runner.js:1807:23)\n    at Promise._settlePromiseFromHandler (https://retailsappqa.azurewebsites.net/__cypress/runner/cypress_runner.js:1519:31)\n    at Promise._settlePromise (https://retailsappqa.azurewebsites.net/__cypress/runner/cypress_runner.js:1576:18)\n    at Promise._settlePromise0 (https://retailsappqa.azurewebsites.net/__cypress/runner/cypress_runner.js:1621:10)\n    at Promise._settlePromises (https://retailsappqa.azurewebsites.net/__cypress/runner/cypress_runner.js:1701:18)\n    at Promise._fulfill (https://retailsappqa.azurewebsites.net/__cypress/runner/cypress_runner.js:1645:18)\n    at <unknown> (https://retailsappqa.azurewebsites.net/__cypress/runner/cypress_runner.js:5450:46)\nFrom Your Spec Code:\n    at Context.eval (webpack:///./cypress/e2e/RSM/MngApprvl.cy.js:38:29)",
                "diff": null
              },
              "uuid": "60a51b65-a0e8-490d-b97b-860f5a99d140",
              "parentUUID": "276a88d5-bc7c-4c0f-9353-42b92eea40e6",
              "isHook": false,
              "skipped": false
            }
          ],
          "suites": [],
          "passes": [],
          "failures": [
            "60a51b65-a0e8-490d-b97b-860f5a99d140"
          ],
          "pending": [],
          "skipped": [],
          "duration": 13143,
          "root": false,
          "rootEmpty": false,
          "_timeout": 2000
        }
      ],
      "passes": [],
      "failures": [],
      "pending": [],
      "skipped": [],
      "duration": 0,
      "root": true,
      "rootEmpty": true,
      "_timeout": 2000
    }
  ],
  "meta": {
    "mocha": {
      "version": "7.0.1"
    },
    "mochawesome": {
      "options": {
        "quiet": false,
        "reportFilename": "mochawesome",
        "saveHtml": false,
        "saveJson": true,
        "consoleReporter": "spec",
        "useInlineDiffs": false,
        "code": true
      },
      "version": "7.1.3"
    },
    "marge": {
      "options": {
        "overwrite": false,
        "html": false,
        "json": true,
        "reportDir": "cypress\\reports\\html\\.jsons"
      },
      "version": "6.2.0"
    }
  }
}