{
  "stats": {
    "suites": 1,
    "tests": 1,
    "passes": 0,
    "pending": 0,
    "failures": 1,
    "start": "2023-11-03T11:20:38.224Z",
    "end": "2023-11-03T11:21:11.984Z",
    "duration": 33760,
    "testsRegistered": 1,
    "passPercent": 0,
    "pendingPercent": 0,
    "other": 0,
    "hasOther": false,
    "skipped": 0,
    "hasSkipped": false
  },
  "results": [
    {
      "uuid": "8f9d8b7a-f51f-4ec5-bafc-55321bbf1f32",
      "title": "",
      "fullFile": "cypress\\e2e\\RSM\\Date(staff).cy.js",
      "file": "cypress\\e2e\\RSM\\Date(staff).cy.js",
      "beforeHooks": [],
      "afterHooks": [],
      "tests": [],
      "suites": [
        {
          "uuid": "44191f34-81be-4502-814c-756bca8faf6d",
          "title": "Login Test",
          "fullFile": "",
          "file": "",
          "beforeHooks": [],
          "afterHooks": [],
          "tests": [
            {
              "title": "the ",
              "fullTitle": "Login Test the ",
              "timedOut": null,
              "duration": 31427,
              "state": "failed",
              "speed": null,
              "pass": false,
              "fail": true,
              "pending": false,
              "context": "{\n  \"title\": \"cypress-mochawesome-reporter-screenshots\",\n  \"value\": [\n    [\n      \"\\\\RSM\\\\Date(staff).cy.js\\\\Login Test -- the (failed).png\"\n    ]\n  ]\n}",
              "code": "cy.visit(\"https://retailsappqa.azurewebsites.net\");\ncy.viewport('macbook-13');\ncy.visit(\"https://retailsappqa.azurewebsites.net\");\ncy.get(':nth-child(2) > .form-control').type('rohith');\ncy.get(':nth-child(3) > .form-control').type('anos@123');\ncy.get('#kt_login_signin_form > :nth-child(4)').type('{enter}');\ncy.contains('Master').click();\ncy.contains('Products').click();\ncy.contains('Prices').click();\ncy.contains('Inventory').click();\ncy.wait(2000);\ncy.contains('History').click();\ncy.wait(2000);\n// to scroll down \ncy.scrollTo(0, 100); // Scroll the window 500px down\ncy.wait(5000);\n// scroll to bottom\ncy.scrollTo('bottom'); // Scroll 'sidebar' to its bottom\ncy.wait(2000);\n// pages\ncy.get('.mat-select-arrow').click();\n// cy.get('#mat-option-15 > .mat-option-text').click()\ncy.get('#mat-option-11').click();\n// cy.get('.row > .d-flex > :nth-child(2)').type('100').click()\ncy.scrollTo('top');\ncy.wait(5000);\ncy.contains('Estimation').click();\n// more tab \ncy.contains('More').click();\ncy.contains('Staff').click();\ncy.contains('Add Staff').click();\ncy.get(':nth-child(1) > :nth-child(1) > .form-control').click().type('B');\ncy.get('.ng-invalid.ng-dirty > .card > .card-body > :nth-child(1) > :nth-child(2) > .form-control').click().type('Anandi');\n// username\ncy.get(':nth-child(1) > :nth-child(3) > .form-control').click().type('BAnandi');\ncy.get(':nth-child(4) > .form-control').click().type('1248464865');\ncy.get(':nth-child(5) > .form-control').click().type('anandi@gmail.com');\n// address\ncy.get('.col-lg-12 > .input-group > .form-control').type('Tilak Nagar');\n// Area\ncy.get(':nth-child(2) > :nth-child(3) > .form-control').type('Lake');\n// select City\ncy.get(':nth-child(4) > .chosen-select > .ng-select-container').type('Mumbai{enter}');\n// role --  needed click()\ncy.get(':nth-child(1) > .chosen-select > .ng-select-container').type('Staff{enter}');\n// aadhar number\ncy.get(':nth-child(3) > :nth-child(2) > .form-control').click().type('8484848451');\ncy.scrollTo(0, 500); // Scroll the window 500px down\ncy.scrollTo('bottom'); // Scroll 'sidebar' to its bottom\n// Calendar job Start Date\ncy.get(':nth-child(3) > .mt-5 > .form-control').type('20/05/1990');",
              "err": {
                "message": "CypressError: Typing into a `date` input with `cy.type()` requires a valid date with the format `YYYY-MM-DD`. You passed: `20/05/1990`\n\nhttps://on.cypress.io/type",
                "estack": "CypressError: Typing into a `date` input with `cy.type()` requires a valid date with the format `YYYY-MM-DD`. You passed: `20/05/1990`\n\nhttps://on.cypress.io/type\n    at validateTyping (https://retailsappqa.azurewebsites.net/__cypress/runner/cypress_runner.js:115241:66)\n    at <unknown> (https://retailsappqa.azurewebsites.net/__cypress/runner/cypress_runner.js:115459:15)\n    at tryCatcher (https://retailsappqa.azurewebsites.net/__cypress/runner/cypress_runner.js:1807:23)\n    at Promise.attempt.Promise.try (https://retailsappqa.azurewebsites.net/__cypress/runner/cypress_runner.js:4315:29)\n    at <unknown> (https://retailsappqa.azurewebsites.net/__cypress/runner/cypress_runner.js:115501:70)\n    at tryCatcher (https://retailsappqa.azurewebsites.net/__cypress/runner/cypress_runner.js:1807:23)\n    at Object.gotValue (https://retailsappqa.azurewebsites.net/__cypress/runner/cypress_runner.js:6476:18)\n    at Object.gotAccum (https://retailsappqa.azurewebsites.net/__cypress/runner/cypress_runner.js:6465:25)\n    at Object.tryCatcher (https://retailsappqa.azurewebsites.net/__cypress/runner/cypress_runner.js:1807:23)\n    at Promise._settlePromiseFromHandler (https://retailsappqa.azurewebsites.net/__cypress/runner/cypress_runner.js:1519:31)\n    at Promise._settlePromise (https://retailsappqa.azurewebsites.net/__cypress/runner/cypress_runner.js:1576:18)\n    at Promise._settlePromiseCtx (https://retailsappqa.azurewebsites.net/__cypress/runner/cypress_runner.js:1613:10)\n    at _drainQueueStep (https://retailsappqa.azurewebsites.net/__cypress/runner/cypress_runner.js:2411:12)\n    at _drainQueue (https://retailsappqa.azurewebsites.net/__cypress/runner/cypress_runner.js:2400:9)\n    at Async._drainQueues (https://retailsappqa.azurewebsites.net/__cypress/runner/cypress_runner.js:2416:5)\n    at Async.drainQueues (https://retailsappqa.azurewebsites.net/__cypress/runner/cypress_runner.js:2286:14)\nFrom Your Spec Code:\n    at Context.eval (https://retailsappqa.azurewebsites.net/__cypress/tests?p=cypress\\e2e\\RSM\\Datestaff.cy.js:64:53)",
                "diff": null
              },
              "uuid": "e7d81154-6d28-4135-b569-ae872097f6be",
              "parentUUID": "44191f34-81be-4502-814c-756bca8faf6d",
              "isHook": false,
              "skipped": false
            }
          ],
          "suites": [],
          "passes": [],
          "failures": [
            "e7d81154-6d28-4135-b569-ae872097f6be"
          ],
          "pending": [],
          "skipped": [],
          "duration": 31427,
          "root": false,
          "rootEmpty": false,
          "_timeout": 2000
        }
      ],
      "passes": [],
      "failures": [],
      "pending": [],
      "skipped": [],
      "duration": 0,
      "root": true,
      "rootEmpty": true,
      "_timeout": 2000
    }
  ],
  "meta": {
    "mocha": {
      "version": "7.0.1"
    },
    "mochawesome": {
      "options": {
        "quiet": false,
        "reportFilename": "mochawesome",
        "saveHtml": false,
        "saveJson": true,
        "consoleReporter": "spec",
        "useInlineDiffs": false,
        "code": true
      },
      "version": "7.1.3"
    },
    "marge": {
      "options": {
        "overwrite": false,
        "html": false,
        "json": true,
        "reportDir": "cypress\\reports\\html\\.jsons"
      },
      "version": "6.2.0"
    }
  }
}