{
  "stats": {
    "suites": 1,
    "tests": 1,
    "passes": 1,
    "pending": 0,
    "failures": 0,
    "start": "2023-11-03T11:21:53.915Z",
    "end": "2023-11-03T11:22:09.834Z",
    "duration": 15919,
    "testsRegistered": 1,
    "passPercent": 100,
    "pendingPercent": 0,
    "other": 0,
    "hasOther": false,
    "skipped": 0,
    "hasSkipped": false
  },
  "results": [
    {
      "uuid": "ede0c80d-aea4-4690-ab96-3991c0fd68c6",
      "title": "",
      "fullFile": "cypress\\e2e\\RSM\\Inventory(MRP).cy.js",
      "file": "cypress\\e2e\\RSM\\Inventory(MRP).cy.js",
      "beforeHooks": [],
      "afterHooks": [],
      "tests": [],
      "suites": [
        {
          "uuid": "34e9f074-4ddf-4241-8a3c-73047a83af4b",
          "title": "Login Test",
          "fullFile": "",
          "file": "",
          "beforeHooks": [],
          "afterHooks": [],
          "tests": [
            {
              "title": "Login",
              "fullTitle": "Login Test Login",
              "timedOut": null,
              "duration": 13582,
              "state": "passed",
              "speed": "slow",
              "pass": true,
              "fail": false,
              "pending": false,
              "context": null,
              "code": "// test step for URL launching\ncy.viewport('macbook-15');\ncy.visit(\"https://retailsappqa.azurewebsites.net\");\ncy.get(':nth-child(2) > .form-control').type('rohith');\ncy.get(':nth-child(3) > .form-control').type('anos@123');\ncy.get('#kt_login_signin_form > :nth-child(4)').type('{enter}');\ncy.contains('Master').click();\ncy.contains('Products').click();\ncy.wait(10);\n//  Navigate on to Inventory\ncy.contains('Inventory').click();\ncy.wait(50);\ncy.contains('Stock Summary').click();\n// cy.wait(60)\ncy.contains('History').click();\n// navigates to Wgt\n// cy.get('.btn-group > :nth-child(1)')\n// navigates to generate MRP\ncy.get('.btn-group > :nth-child(2)').click();\ncy.wait(100);\ncy.get(':nth-child(2) > .chosen-select > .ng-select-container > .ng-value-container > .ng-input').click();\ncy.get(':nth-child(2) > .chosen-select > .ng-select-container > .ng-arrow-wrapper').click().type('Gold{enter}');\ncy.get(':nth-child(3) > .chosen-select > .ng-select-container').click().type('carat{enter}');\ncy.get(':nth-child(3) > .chosen-select > .ng-select-container > .ng-arrow-wrapper').click();\ncy.get('#btnSearch').click();\ncy.get('.mat-select-arrow').click();\n// cy.get('#mat-option-13 > .mat-option-text')\ncy.get('#mat-option-15 > .mat-option-text').click();\n// cy.get('.btn-group > :nth-child(2)').select(2)\n// cy.get(':nth-child(1) > .cdk-column-actions > .row > .print-icon > .material-symbols-rounded').click()\n// cy.go('back')\n// cy.contains('Master')\n// convert to pdf download\ncy.get('.row > .d-flex > :nth-child(2)').click().type('100').click();\n// to reset the tab\ncy.get(':nth-child(9) > #btnReset').click();",
              "err": {},
              "uuid": "6f9e13ce-c61e-4d38-8ef4-7eded16c0dc9",
              "parentUUID": "34e9f074-4ddf-4241-8a3c-73047a83af4b",
              "isHook": false,
              "skipped": false
            }
          ],
          "suites": [],
          "passes": [
            "6f9e13ce-c61e-4d38-8ef4-7eded16c0dc9"
          ],
          "failures": [],
          "pending": [],
          "skipped": [],
          "duration": 13582,
          "root": false,
          "rootEmpty": false,
          "_timeout": 2000
        }
      ],
      "passes": [],
      "failures": [],
      "pending": [],
      "skipped": [],
      "duration": 0,
      "root": true,
      "rootEmpty": true,
      "_timeout": 2000
    }
  ],
  "meta": {
    "mocha": {
      "version": "7.0.1"
    },
    "mochawesome": {
      "options": {
        "quiet": false,
        "reportFilename": "mochawesome",
        "saveHtml": false,
        "saveJson": true,
        "consoleReporter": "spec",
        "useInlineDiffs": false,
        "code": true
      },
      "version": "7.1.3"
    },
    "marge": {
      "options": {
        "overwrite": false,
        "html": false,
        "json": true,
        "reportDir": "cypress\\reports\\html\\.jsons"
      },
      "version": "6.2.0"
    }
  }
}